{
  "C:\\Desenvolvimento\\Naval\\APP\\School-Manager\\components\\EmptyState.tsx": {
    "path": "C:\\Desenvolvimento\\Naval\\APP\\School-Manager\\components\\EmptyState.tsx",
    "statementMap": {
      "0": { "start": { "line": 12, "column": 2 }, "end": { "line": 29, "column": 4 } }
    },
    "fnMap": {
      "0": {
        "name": "EmptyState",
        "decl": { "start": { "line": 11, "column": 16 }, "end": { "line": 11, "column": 26 } },
        "loc": { "start": { "line": 11, "column": 92 }, "end": { "line": 30, "column": 1 } },
        "line": 11
      }
    },
    "branchMap": {
      "0": {
        "loc": { "start": { "line": 23, "column": 7 }, "end": { "line": 27, "column": 7 } },
        "type": "binary-expr",
        "locations": [
          { "start": { "line": 23, "column": 7 }, "end": { "line": 23, "column": 17 } },
          { "start": { "line": 23, "column": 21 }, "end": { "line": 23, "column": 29 } },
          { "start": { "line": 24, "column": 8 }, "end": { "line": 26, "column": 17 } }
        ],
        "line": 23
      }
    },
    "s": { "0": 9 },
    "f": { "0": 9 },
    "b": { "0": [9, 3, 2] },
    "_coverageSchema": "1a1c01bbd47fc00a2c39e90264f33305004495a9",
    "hash": "721362d723b2d65942d13b49608fd98bbef2ed84"
  },
  "C:\\Desenvolvimento\\Naval\\APP\\School-Manager\\components\\Toast.tsx": {
    "path": "C:\\Desenvolvimento\\Naval\\APP\\School-Manager\\components\\Toast.tsx",
    "statementMap": {
      "0": { "start": { "line": 16, "column": 2 }, "end": { "line": 22, "column": 32 } },
      "1": { "start": { "line": 17, "column": 18 }, "end": { "line": 19, "column": 16 } },
      "2": { "start": { "line": 18, "column": 6 }, "end": { "line": 18, "column": 20 } },
      "3": { "start": { "line": 21, "column": 4 }, "end": { "line": 21, "column": 37 } },
      "4": { "start": { "line": 21, "column": 17 }, "end": { "line": 21, "column": 36 } },
      "5": { "start": { "line": 24, "column": 2 }, "end": { "line": 56, "column": 4 } },
      "6": { "start": { "line": 31, "column": 23 }, "end": { "line": 31, "column": 36 } }
    },
    "fnMap": {
      "0": {
        "name": "Toast",
        "decl": { "start": { "line": 15, "column": 16 }, "end": { "line": 15, "column": 21 } },
        "loc": { "start": { "line": 15, "column": 85 }, "end": { "line": 57, "column": 1 } },
        "line": 15
      },
      "1": {
        "name": "(anonymous_1)",
        "decl": { "start": { "line": 16, "column": 12 }, "end": { "line": 16, "column": 13 } },
        "loc": { "start": { "line": 16, "column": 18 }, "end": { "line": 22, "column": 3 } },
        "line": 16
      },
      "2": {
        "name": "(anonymous_2)",
        "decl": { "start": { "line": 17, "column": 29 }, "end": { "line": 17, "column": 30 } },
        "loc": { "start": { "line": 17, "column": 35 }, "end": { "line": 19, "column": 5 } },
        "line": 17
      },
      "3": {
        "name": "(anonymous_3)",
        "decl": { "start": { "line": 21, "column": 11 }, "end": { "line": 21, "column": 12 } },
        "loc": { "start": { "line": 21, "column": 17 }, "end": { "line": 21, "column": 36 } },
        "line": 21
      },
      "4": {
        "name": "(anonymous_4)",
        "decl": { "start": { "line": 31, "column": 17 }, "end": { "line": 31, "column": 18 } },
        "loc": { "start": { "line": 31, "column": 23 }, "end": { "line": 31, "column": 36 } },
        "line": 31
      }
    },
    "branchMap": {
      "0": {
        "loc": { "start": { "line": 15, "column": 43 }, "end": { "line": 15, "column": 58 } },
        "type": "default-arg",
        "locations": [
          { "start": { "line": 15, "column": 54 }, "end": { "line": 15, "column": 58 } }
        ],
        "line": 15
      },
      "1": {
        "loc": { "start": { "line": 34, "column": 31 }, "end": { "line": 34, "column": 135 } },
        "type": "cond-expr",
        "locations": [
          { "start": { "line": 34, "column": 52 }, "end": { "line": 34, "column": 61 } },
          { "start": { "line": 34, "column": 64 }, "end": { "line": 34, "column": 135 } }
        ],
        "line": 34
      },
      "2": {
        "loc": { "start": { "line": 34, "column": 64 }, "end": { "line": 34, "column": 135 } },
        "type": "cond-expr",
        "locations": [
          { "start": { "line": 34, "column": 83 }, "end": { "line": 34, "column": 89 } },
          { "start": { "line": 34, "column": 92 }, "end": { "line": 34, "column": 135 } }
        ],
        "line": 34
      },
      "3": {
        "loc": { "start": { "line": 34, "column": 92 }, "end": { "line": 34, "column": 135 } },
        "type": "cond-expr",
        "locations": [
          { "start": { "line": 34, "column": 113 }, "end": { "line": 34, "column": 120 } },
          { "start": { "line": 34, "column": 123 }, "end": { "line": 34, "column": 135 } }
        ],
        "line": 34
      }
    },
    "s": { "0": 19, "1": 19, "2": 2, "3": 19, "4": 19, "5": 19, "6": 1 },
    "f": { "0": 19, "1": 19, "2": 2, "3": 19, "4": 1 },
    "b": { "0": [18], "1": [9, 10], "2": [2, 8], "3": [2, 6] },
    "_coverageSchema": "1a1c01bbd47fc00a2c39e90264f33305004495a9",
    "hash": "c3a6df48ce91b7f50298520ed74d1289002dc29d"
  },
  "C:\\Desenvolvimento\\Naval\\APP\\School-Manager\\screens\\classes\\components\\ClassCard.tsx": {
    "path": "C:\\Desenvolvimento\\Naval\\APP\\School-Manager\\screens\\classes\\components\\ClassCard.tsx",
    "statementMap": {
      "0": { "start": { "line": 9, "column": 21 }, "end": { "line": 28, "column": 1 } },
      "1": { "start": { "line": 36, "column": 20 }, "end": { "line": 36, "column": 49 } },
      "2": { "start": { "line": 37, "column": 22 }, "end": { "line": 39, "column": 4 } },
      "3": { "start": { "line": 38, "column": 4 }, "end": { "line": 38, "column": 58 } },
      "4": { "start": { "line": 41, "column": 2 }, "end": { "line": 108, "column": 4 } },
      "5": { "start": { "line": 50, "column": 8 }, "end": { "line": 105, "column": 14 } }
    },
    "fnMap": {
      "0": {
        "name": "ClassCard",
        "decl": { "start": { "line": 35, "column": 16 }, "end": { "line": 35, "column": 25 } },
        "loc": { "start": { "line": 35, "column": 69 }, "end": { "line": 109, "column": 1 } },
        "line": 35
      },
      "1": {
        "name": "(anonymous_1)",
        "decl": { "start": { "line": 37, "column": 41 }, "end": { "line": 37, "column": 42 } },
        "loc": { "start": { "line": 37, "column": 53 }, "end": { "line": 39, "column": 3 } },
        "line": 37
      },
      "2": {
        "name": "(anonymous_2)",
        "decl": { "start": { "line": 49, "column": 7 }, "end": { "line": 49, "column": 8 } },
        "loc": { "start": { "line": 50, "column": 8 }, "end": { "line": 105, "column": 14 } },
        "line": 50
      }
    },
    "branchMap": {
      "0": {
        "loc": { "start": { "line": 46, "column": 52 }, "end": { "line": 46, "column": 89 } },
        "type": "cond-expr",
        "locations": [
          { "start": { "line": 46, "column": 65 }, "end": { "line": 46, "column": 84 } },
          { "start": { "line": 46, "column": 87 }, "end": { "line": 46, "column": 89 } }
        ],
        "line": 46
      },
      "1": {
        "loc": { "start": { "line": 58, "column": 33 }, "end": { "line": 58, "column": 51 } },
        "type": "cond-expr",
        "locations": [
          { "start": { "line": 58, "column": 43 }, "end": { "line": 58, "column": 47 } },
          { "start": { "line": 58, "column": 50 }, "end": { "line": 58, "column": 51 } }
        ],
        "line": 58
      },
      "2": {
        "loc": { "start": { "line": 72, "column": 15 }, "end": { "line": 76, "column": 15 } },
        "type": "binary-expr",
        "locations": [
          { "start": { "line": 72, "column": 15 }, "end": { "line": 72, "column": 25 } },
          { "start": { "line": 73, "column": 16 }, "end": { "line": 75, "column": 23 } }
        ],
        "line": 72
      }
    },
    "s": { "0": 1, "1": 17, "2": 17, "3": 1, "4": 17, "5": 17 },
    "f": { "0": 17, "1": 1, "2": 17 },
    "b": { "0": [3, 14], "1": [0, 17], "2": [17, 3] },
    "_coverageSchema": "1a1c01bbd47fc00a2c39e90264f33305004495a9",
    "hash": "e0e737e3ea138c6c80d733e0ba0b1dbcdc74cc42"
  },
  "C:\\Desenvolvimento\\Naval\\APP\\School-Manager\\screens\\schools\\components\\SchoolCard.tsx": {
    "path": "C:\\Desenvolvimento\\Naval\\APP\\School-Manager\\screens\\schools\\components\\SchoolCard.tsx",
    "statementMap": {
      "0": { "start": { "line": 14, "column": 2 }, "end": { "line": 68, "column": 4 } },
      "1": { "start": { "line": 16, "column": 21 }, "end": { "line": 16, "column": 54 } },
      "2": { "start": { "line": 23, "column": 8 }, "end": { "line": 65, "column": 14 } }
    },
    "fnMap": {
      "0": {
        "name": "SchoolCard",
        "decl": { "start": { "line": 13, "column": 16 }, "end": { "line": 13, "column": 26 } },
        "loc": { "start": { "line": 13, "column": 56 }, "end": { "line": 69, "column": 1 } },
        "line": 13
      },
      "1": {
        "name": "(anonymous_1)",
        "decl": { "start": { "line": 16, "column": 15 }, "end": { "line": 16, "column": 16 } },
        "loc": { "start": { "line": 16, "column": 21 }, "end": { "line": 16, "column": 54 } },
        "line": 16
      },
      "2": {
        "name": "(anonymous_2)",
        "decl": { "start": { "line": 22, "column": 7 }, "end": { "line": 22, "column": 8 } },
        "loc": { "start": { "line": 23, "column": 8 }, "end": { "line": 65, "column": 14 } },
        "line": 23
      }
    },
    "branchMap": {
      "0": {
        "loc": { "start": { "line": 20, "column": 102 }, "end": { "line": 20, "column": 146 } },
        "type": "cond-expr",
        "locations": [
          { "start": { "line": 20, "column": 128 }, "end": { "line": 20, "column": 135 } },
          { "start": { "line": 20, "column": 138 }, "end": { "line": 20, "column": 146 } }
        ],
        "line": 20
      },
      "1": {
        "loc": { "start": { "line": 31, "column": 33 }, "end": { "line": 31, "column": 51 } },
        "type": "cond-expr",
        "locations": [
          { "start": { "line": 31, "column": 43 }, "end": { "line": 31, "column": 47 } },
          { "start": { "line": 31, "column": 50 }, "end": { "line": 31, "column": 51 } }
        ],
        "line": 31
      },
      "2": {
        "loc": { "start": { "line": 60, "column": 37 }, "end": { "line": 60, "column": 81 } },
        "type": "cond-expr",
        "locations": [
          { "start": { "line": 60, "column": 63 }, "end": { "line": 60, "column": 70 } },
          { "start": { "line": 60, "column": 73 }, "end": { "line": 60, "column": 81 } }
        ],
        "line": 60
      },
      "3": {
        "loc": { "start": { "line": 63, "column": 13 }, "end": { "line": 63, "column": 67 } },
        "type": "binary-expr",
        "locations": [
          { "start": { "line": 63, "column": 13 }, "end": { "line": 63, "column": 34 } },
          { "start": { "line": 63, "column": 38 }, "end": { "line": 63, "column": 67 } }
        ],
        "line": 63
      }
    },
    "s": { "0": 14, "1": 1, "2": 14 },
    "f": { "0": 14, "1": 1, "2": 14 },
    "b": { "0": [2, 12], "1": [0, 14], "2": [2, 12], "3": [14, 12] },
    "_coverageSchema": "1a1c01bbd47fc00a2c39e90264f33305004495a9",
    "hash": "651386081a6c3110ba6d98b32ff2d4be7378c7a7"
  },
  "C:\\Desenvolvimento\\Naval\\APP\\School-Manager\\screens\\schools\\components\\SchoolFormFields.tsx": {
    "path": "C:\\Desenvolvimento\\Naval\\APP\\School-Manager\\screens\\schools\\components\\SchoolFormFields.tsx",
    "statementMap": {
      "0": { "start": { "line": 33, "column": 2 }, "end": { "line": 101, "column": 4 } }
    },
    "fnMap": {
      "0": {
        "name": "SchoolFormFields",
        "decl": { "start": { "line": 24, "column": 16 }, "end": { "line": 24, "column": 32 } },
        "loc": { "start": { "line": 32, "column": 26 }, "end": { "line": 102, "column": 1 } },
        "line": 32
      }
    },
    "branchMap": {
      "0": {
        "loc": { "start": { "line": 47, "column": 23 }, "end": { "line": 47, "column": 61 } },
        "type": "cond-expr",
        "locations": [
          { "start": { "line": 47, "column": 37 }, "end": { "line": 47, "column": 48 } },
          { "start": { "line": 47, "column": 51 }, "end": { "line": 47, "column": 61 } }
        ],
        "line": 47
      },
      "1": {
        "loc": { "start": { "line": 60, "column": 9 }, "end": { "line": 64, "column": 9 } },
        "type": "binary-expr",
        "locations": [
          { "start": { "line": 60, "column": 9 }, "end": { "line": 60, "column": 20 } },
          { "start": { "line": 61, "column": 10 }, "end": { "line": 63, "column": 29 } }
        ],
        "line": 60
      },
      "2": {
        "loc": { "start": { "line": 79, "column": 23 }, "end": { "line": 79, "column": 64 } },
        "type": "cond-expr",
        "locations": [
          { "start": { "line": 79, "column": 40 }, "end": { "line": 79, "column": 51 } },
          { "start": { "line": 79, "column": 54 }, "end": { "line": 79, "column": 64 } }
        ],
        "line": 79
      },
      "3": {
        "loc": { "start": { "line": 94, "column": 9 }, "end": { "line": 98, "column": 9 } },
        "type": "binary-expr",
        "locations": [
          { "start": { "line": 94, "column": 9 }, "end": { "line": 94, "column": 23 } },
          { "start": { "line": 95, "column": 10 }, "end": { "line": 97, "column": 29 } }
        ],
        "line": 94
      }
    },
    "s": { "0": 18 },
    "f": { "0": 18 },
    "b": { "0": [2, 16], "1": [18, 2], "2": [2, 16], "3": [18, 2] },
    "_coverageSchema": "1a1c01bbd47fc00a2c39e90264f33305004495a9",
    "hash": "7359df2992e2682a0b84240ab644f4488024a5ad"
  },
  "C:\\Desenvolvimento\\Naval\\APP\\School-Manager\\services\\classes\\classService.ts": {
    "path": "C:\\Desenvolvimento\\Naval\\APP\\School-Manager\\services\\classes\\classService.ts",
    "statementMap": {
      "0": { "start": { "line": 8, "column": 18 }, "end": { "line": 8, "column": 56 } },
      "1": { "start": { "line": 9, "column": 21 }, "end": { "line": 9, "column": 82 } },
      "2": { "start": { "line": 10, "column": 4 }, "end": { "line": 10, "column": 25 } },
      "3": { "start": { "line": 14, "column": 4 }, "end": { "line": 14, "column": 41 } },
      "4": { "start": { "line": 18, "column": 21 }, "end": { "line": 18, "column": 78 } },
      "5": { "start": { "line": 19, "column": 4 }, "end": { "line": 19, "column": 25 } },
      "6": { "start": { "line": 23, "column": 19 }, "end": { "line": 23, "column": 44 } },
      "7": { "start": { "line": 24, "column": 4 }, "end": { "line": 26, "column": 5 } },
      "8": { "start": { "line": 25, "column": 6 }, "end": { "line": 25, "column": 63 } },
      "9": { "start": { "line": 25, "column": 40 }, "end": { "line": 25, "column": 49 } },
      "10": { "start": { "line": 28, "column": 21 }, "end": { "line": 28, "column": 79 } },
      "11": { "start": { "line": 29, "column": 4 }, "end": { "line": 29, "column": 25 } },
      "12": { "start": { "line": 33, "column": 19 }, "end": { "line": 33, "column": 55 } },
      "13": { "start": { "line": 34, "column": 4 }, "end": { "line": 36, "column": 5 } },
      "14": { "start": { "line": 35, "column": 6 }, "end": { "line": 35, "column": 63 } },
      "15": { "start": { "line": 35, "column": 40 }, "end": { "line": 35, "column": 49 } },
      "16": { "start": { "line": 38, "column": 21 }, "end": { "line": 38, "column": 84 } },
      "17": { "start": { "line": 39, "column": 4 }, "end": { "line": 39, "column": 25 } },
      "18": { "start": { "line": 43, "column": 4 }, "end": { "line": 43, "column": 45 } },
      "19": { "start": { "line": 47, "column": 28 }, "end": { "line": 47, "column": 46 } }
    },
    "fnMap": {
      "0": {
        "name": "(anonymous_0)",
        "decl": { "start": { "line": 7, "column": 2 }, "end": { "line": 7, "column": 3 } },
        "loc": { "start": { "line": 7, "column": 83 }, "end": { "line": 11, "column": 3 } },
        "line": 7
      },
      "1": {
        "name": "(anonymous_1)",
        "decl": { "start": { "line": 13, "column": 2 }, "end": { "line": 13, "column": 3 } },
        "loc": { "start": { "line": 13, "column": 63 }, "end": { "line": 15, "column": 3 } },
        "line": 13
      },
      "2": {
        "name": "(anonymous_2)",
        "decl": { "start": { "line": 17, "column": 2 }, "end": { "line": 17, "column": 3 } },
        "loc": { "start": { "line": 17, "column": 49 }, "end": { "line": 20, "column": 3 } },
        "line": 17
      },
      "3": {
        "name": "(anonymous_3)",
        "decl": { "start": { "line": 22, "column": 2 }, "end": { "line": 22, "column": 3 } },
        "loc": { "start": { "line": 22, "column": 58 }, "end": { "line": 30, "column": 3 } },
        "line": 22
      },
      "4": {
        "name": "(anonymous_4)",
        "decl": { "start": { "line": 25, "column": 33 }, "end": { "line": 25, "column": 34 } },
        "loc": { "start": { "line": 25, "column": 40 }, "end": { "line": 25, "column": 49 } },
        "line": 25
      },
      "5": {
        "name": "(anonymous_5)",
        "decl": { "start": { "line": 32, "column": 2 }, "end": { "line": 32, "column": 3 } },
        "loc": { "start": { "line": 32, "column": 70 }, "end": { "line": 40, "column": 3 } },
        "line": 32
      },
      "6": {
        "name": "(anonymous_6)",
        "decl": { "start": { "line": 35, "column": 33 }, "end": { "line": 35, "column": 34 } },
        "loc": { "start": { "line": 35, "column": 40 }, "end": { "line": 35, "column": 49 } },
        "line": 35
      },
      "7": {
        "name": "(anonymous_7)",
        "decl": { "start": { "line": 42, "column": 2 }, "end": { "line": 42, "column": 3 } },
        "loc": { "start": { "line": 42, "column": 47 }, "end": { "line": 44, "column": 3 } },
        "line": 42
      }
    },
    "branchMap": {
      "0": {
        "loc": { "start": { "line": 8, "column": 18 }, "end": { "line": 8, "column": 56 } },
        "type": "cond-expr",
        "locations": [
          { "start": { "line": 8, "column": 27 }, "end": { "line": 8, "column": 51 } },
          { "start": { "line": 8, "column": 54 }, "end": { "line": 8, "column": 56 } }
        ],
        "line": 8
      },
      "1": {
        "loc": { "start": { "line": 24, "column": 4 }, "end": { "line": 26, "column": 5 } },
        "type": "if",
        "locations": [
          { "start": { "line": 24, "column": 4 }, "end": { "line": 26, "column": 5 } },
          { "start": {}, "end": {} }
        ],
        "line": 24
      },
      "2": {
        "loc": { "start": { "line": 34, "column": 4 }, "end": { "line": 36, "column": 5 } },
        "type": "if",
        "locations": [
          { "start": { "line": 34, "column": 4 }, "end": { "line": 36, "column": 5 } },
          { "start": {}, "end": {} }
        ],
        "line": 34
      }
    },
    "s": {
      "0": 4,
      "1": 4,
      "2": 3,
      "3": 1,
      "4": 2,
      "5": 1,
      "6": 9,
      "7": 9,
      "8": 4,
      "9": 4,
      "10": 5,
      "11": 4,
      "12": 6,
      "13": 6,
      "14": 2,
      "15": 2,
      "16": 4,
      "17": 3,
      "18": 2,
      "19": 5
    },
    "f": { "0": 4, "1": 1, "2": 2, "3": 9, "4": 4, "5": 6, "6": 2, "7": 2 },
    "b": { "0": [2, 2], "1": [4, 5], "2": [2, 4] },
    "_coverageSchema": "1a1c01bbd47fc00a2c39e90264f33305004495a9",
    "hash": "918141faef1b32f259129570913635036f44e18b"
  },
  "C:\\Desenvolvimento\\Naval\\APP\\School-Manager\\services\\classes\\classValidation.ts": {
    "path": "C:\\Desenvolvimento\\Naval\\APP\\School-Manager\\services\\classes\\classValidation.ts",
    "statementMap": {
      "0": { "start": { "line": 8, "column": 21 }, "end": { "line": 8, "column": 45 } },
      "1": { "start": { "line": 9, "column": 21 }, "end": { "line": 9, "column": 41 } },
      "2": { "start": { "line": 12, "column": 36 }, "end": { "line": 12, "column": 38 } },
      "3": { "start": { "line": 14, "column": 2 }, "end": { "line": 24, "column": 3 } },
      "4": { "start": { "line": 15, "column": 4 }, "end": { "line": 18, "column": 7 } },
      "5": { "start": { "line": 19, "column": 9 }, "end": { "line": 24, "column": 3 } },
      "6": { "start": { "line": 20, "column": 4 }, "end": { "line": 23, "column": 7 } },
      "7": { "start": { "line": 26, "column": 2 }, "end": { "line": 31, "column": 3 } },
      "8": { "start": { "line": 27, "column": 4 }, "end": { "line": 30, "column": 7 } },
      "9": { "start": { "line": 33, "column": 2 }, "end": { "line": 48, "column": 3 } },
      "10": { "start": { "line": 34, "column": 4 }, "end": { "line": 37, "column": 7 } },
      "11": { "start": { "line": 38, "column": 9 }, "end": { "line": 48, "column": 3 } },
      "12": { "start": { "line": 39, "column": 4 }, "end": { "line": 42, "column": 7 } },
      "13": { "start": { "line": 43, "column": 9 }, "end": { "line": 48, "column": 3 } },
      "14": { "start": { "line": 44, "column": 4 }, "end": { "line": 47, "column": 7 } },
      "15": { "start": { "line": 50, "column": 2 }, "end": { "line": 55, "column": 3 } },
      "16": { "start": { "line": 51, "column": 4 }, "end": { "line": 54, "column": 7 } },
      "17": { "start": { "line": 57, "column": 2 }, "end": { "line": 57, "column": 16 } },
      "18": { "start": { "line": 61, "column": 36 }, "end": { "line": 61, "column": 38 } },
      "19": { "start": { "line": 63, "column": 2 }, "end": { "line": 75, "column": 3 } },
      "20": { "start": { "line": 64, "column": 4 }, "end": { "line": 74, "column": 5 } },
      "21": { "start": { "line": 65, "column": 6 }, "end": { "line": 68, "column": 9 } },
      "22": { "start": { "line": 69, "column": 11 }, "end": { "line": 74, "column": 5 } },
      "23": { "start": { "line": 70, "column": 6 }, "end": { "line": 73, "column": 9 } },
      "24": { "start": { "line": 77, "column": 2 }, "end": { "line": 82, "column": 3 } },
      "25": { "start": { "line": 78, "column": 4 }, "end": { "line": 81, "column": 7 } },
      "26": { "start": { "line": 84, "column": 2 }, "end": { "line": 96, "column": 3 } },
      "27": { "start": { "line": 85, "column": 4 }, "end": { "line": 95, "column": 5 } },
      "28": { "start": { "line": 86, "column": 6 }, "end": { "line": 89, "column": 9 } },
      "29": { "start": { "line": 90, "column": 11 }, "end": { "line": 95, "column": 5 } },
      "30": { "start": { "line": 91, "column": 6 }, "end": { "line": 94, "column": 9 } },
      "31": { "start": { "line": 98, "column": 2 }, "end": { "line": 98, "column": 16 } }
    },
    "fnMap": {
      "0": {
        "name": "validateCreateClass",
        "decl": { "start": { "line": 11, "column": 16 }, "end": { "line": 11, "column": 35 } },
        "loc": { "start": { "line": 11, "column": 77 }, "end": { "line": 58, "column": 1 } },
        "line": 11
      },
      "1": {
        "name": "validateUpdateClass",
        "decl": { "start": { "line": 60, "column": 16 }, "end": { "line": 60, "column": 35 } },
        "loc": { "start": { "line": 60, "column": 77 }, "end": { "line": 99, "column": 1 } },
        "line": 60
      }
    },
    "branchMap": {
      "0": {
        "loc": { "start": { "line": 14, "column": 2 }, "end": { "line": 24, "column": 3 } },
        "type": "if",
        "locations": [
          { "start": { "line": 14, "column": 2 }, "end": { "line": 24, "column": 3 } },
          { "start": { "line": 19, "column": 9 }, "end": { "line": 24, "column": 3 } }
        ],
        "line": 14
      },
      "1": {
        "loc": { "start": { "line": 14, "column": 6 }, "end": { "line": 14, "column": 49 } },
        "type": "binary-expr",
        "locations": [
          { "start": { "line": 14, "column": 6 }, "end": { "line": 14, "column": 16 } },
          { "start": { "line": 14, "column": 20 }, "end": { "line": 14, "column": 49 } }
        ],
        "line": 14
      },
      "2": {
        "loc": { "start": { "line": 19, "column": 9 }, "end": { "line": 24, "column": 3 } },
        "type": "if",
        "locations": [
          { "start": { "line": 19, "column": 9 }, "end": { "line": 24, "column": 3 } },
          { "start": {}, "end": {} }
        ],
        "line": 19
      },
      "3": {
        "loc": { "start": { "line": 26, "column": 2 }, "end": { "line": 31, "column": 3 } },
        "type": "if",
        "locations": [
          { "start": { "line": 26, "column": 2 }, "end": { "line": 31, "column": 3 } },
          { "start": {}, "end": {} }
        ],
        "line": 26
      },
      "4": {
        "loc": { "start": { "line": 26, "column": 6 }, "end": { "line": 26, "column": 55 } },
        "type": "binary-expr",
        "locations": [
          { "start": { "line": 26, "column": 6 }, "end": { "line": 26, "column": 17 } },
          { "start": { "line": 26, "column": 21 }, "end": { "line": 26, "column": 55 } }
        ],
        "line": 26
      },
      "5": {
        "loc": { "start": { "line": 33, "column": 2 }, "end": { "line": 48, "column": 3 } },
        "type": "if",
        "locations": [
          { "start": { "line": 33, "column": 2 }, "end": { "line": 48, "column": 3 } },
          { "start": { "line": 38, "column": 9 }, "end": { "line": 48, "column": 3 } }
        ],
        "line": 33
      },
      "6": {
        "loc": { "start": { "line": 38, "column": 9 }, "end": { "line": 48, "column": 3 } },
        "type": "if",
        "locations": [
          { "start": { "line": 38, "column": 9 }, "end": { "line": 48, "column": 3 } },
          { "start": { "line": 43, "column": 9 }, "end": { "line": 48, "column": 3 } }
        ],
        "line": 38
      },
      "7": {
        "loc": { "start": { "line": 43, "column": 9 }, "end": { "line": 48, "column": 3 } },
        "type": "if",
        "locations": [
          { "start": { "line": 43, "column": 9 }, "end": { "line": 48, "column": 3 } },
          { "start": {}, "end": {} }
        ],
        "line": 43
      },
      "8": {
        "loc": { "start": { "line": 50, "column": 2 }, "end": { "line": 55, "column": 3 } },
        "type": "if",
        "locations": [
          { "start": { "line": 50, "column": 2 }, "end": { "line": 55, "column": 3 } },
          { "start": {}, "end": {} }
        ],
        "line": 50
      },
      "9": {
        "loc": { "start": { "line": 50, "column": 6 }, "end": { "line": 50, "column": 57 } },
        "type": "binary-expr",
        "locations": [
          { "start": { "line": 50, "column": 6 }, "end": { "line": 50, "column": 20 } },
          { "start": { "line": 50, "column": 24 }, "end": { "line": 50, "column": 57 } }
        ],
        "line": 50
      },
      "10": {
        "loc": { "start": { "line": 63, "column": 2 }, "end": { "line": 75, "column": 3 } },
        "type": "if",
        "locations": [
          { "start": { "line": 63, "column": 2 }, "end": { "line": 75, "column": 3 } },
          { "start": {}, "end": {} }
        ],
        "line": 63
      },
      "11": {
        "loc": { "start": { "line": 64, "column": 4 }, "end": { "line": 74, "column": 5 } },
        "type": "if",
        "locations": [
          { "start": { "line": 64, "column": 4 }, "end": { "line": 74, "column": 5 } },
          { "start": { "line": 69, "column": 11 }, "end": { "line": 74, "column": 5 } }
        ],
        "line": 64
      },
      "12": {
        "loc": { "start": { "line": 69, "column": 11 }, "end": { "line": 74, "column": 5 } },
        "type": "if",
        "locations": [
          { "start": { "line": 69, "column": 11 }, "end": { "line": 74, "column": 5 } },
          { "start": {}, "end": {} }
        ],
        "line": 69
      },
      "13": {
        "loc": { "start": { "line": 77, "column": 2 }, "end": { "line": 82, "column": 3 } },
        "type": "if",
        "locations": [
          { "start": { "line": 77, "column": 2 }, "end": { "line": 82, "column": 3 } },
          { "start": {}, "end": {} }
        ],
        "line": 77
      },
      "14": {
        "loc": { "start": { "line": 77, "column": 6 }, "end": { "line": 77, "column": 68 } },
        "type": "binary-expr",
        "locations": [
          { "start": { "line": 77, "column": 6 }, "end": { "line": 77, "column": 30 } },
          { "start": { "line": 77, "column": 34 }, "end": { "line": 77, "column": 68 } }
        ],
        "line": 77
      },
      "15": {
        "loc": { "start": { "line": 84, "column": 2 }, "end": { "line": 96, "column": 3 } },
        "type": "if",
        "locations": [
          { "start": { "line": 84, "column": 2 }, "end": { "line": 96, "column": 3 } },
          { "start": {}, "end": {} }
        ],
        "line": 84
      },
      "16": {
        "loc": { "start": { "line": 85, "column": 4 }, "end": { "line": 95, "column": 5 } },
        "type": "if",
        "locations": [
          { "start": { "line": 85, "column": 4 }, "end": { "line": 95, "column": 5 } },
          { "start": { "line": 90, "column": 11 }, "end": { "line": 95, "column": 5 } }
        ],
        "line": 85
      },
      "17": {
        "loc": { "start": { "line": 90, "column": 11 }, "end": { "line": 95, "column": 5 } },
        "type": "if",
        "locations": [
          { "start": { "line": 90, "column": 11 }, "end": { "line": 95, "column": 5 } },
          { "start": {}, "end": {} }
        ],
        "line": 90
      }
    },
    "s": {
      "0": 6,
      "1": 6,
      "2": 22,
      "3": 22,
      "4": 3,
      "5": 19,
      "6": 1,
      "7": 22,
      "8": 3,
      "9": 22,
      "10": 1,
      "11": 21,
      "12": 3,
      "13": 18,
      "14": 1,
      "15": 22,
      "16": 3,
      "17": 22,
      "18": 17,
      "19": 17,
      "20": 9,
      "21": 2,
      "22": 7,
      "23": 2,
      "24": 17,
      "25": 3,
      "26": 17,
      "27": 6,
      "28": 2,
      "29": 4,
      "30": 1,
      "31": 17
    },
    "f": { "0": 22, "1": 17 },
    "b": {
      "0": [3, 19],
      "1": [22, 19],
      "2": [1, 18],
      "3": [3, 19],
      "4": [22, 22],
      "5": [1, 21],
      "6": [3, 18],
      "7": [1, 17],
      "8": [3, 19],
      "9": [22, 19],
      "10": [9, 8],
      "11": [2, 7],
      "12": [2, 5],
      "13": [3, 14],
      "14": [17, 7],
      "15": [6, 11],
      "16": [2, 4],
      "17": [1, 3]
    },
    "_coverageSchema": "1a1c01bbd47fc00a2c39e90264f33305004495a9",
    "hash": "f712191792f1c7501ee1b062698a038ad5439005"
  },
  "C:\\Desenvolvimento\\Naval\\APP\\School-Manager\\services\\schools\\schoolService.ts": {
    "path": "C:\\Desenvolvimento\\Naval\\APP\\School-Manager\\services\\schools\\schoolService.ts",
    "statementMap": {
      "0": { "start": { "line": 8, "column": 18 }, "end": { "line": 8, "column": 56 } },
      "1": { "start": { "line": 9, "column": 21 }, "end": { "line": 9, "column": 83 } },
      "2": { "start": { "line": 10, "column": 4 }, "end": { "line": 10, "column": 25 } },
      "3": { "start": { "line": 14, "column": 21 }, "end": { "line": 14, "column": 79 } },
      "4": { "start": { "line": 15, "column": 4 }, "end": { "line": 15, "column": 25 } },
      "5": { "start": { "line": 19, "column": 19 }, "end": { "line": 19, "column": 45 } },
      "6": { "start": { "line": 20, "column": 4 }, "end": { "line": 22, "column": 5 } },
      "7": { "start": { "line": 21, "column": 6 }, "end": { "line": 21, "column": 63 } },
      "8": { "start": { "line": 21, "column": 40 }, "end": { "line": 21, "column": 49 } },
      "9": { "start": { "line": 24, "column": 21 }, "end": { "line": 24, "column": 80 } },
      "10": { "start": { "line": 25, "column": 4 }, "end": { "line": 25, "column": 25 } },
      "11": { "start": { "line": 29, "column": 19 }, "end": { "line": 29, "column": 56 } },
      "12": { "start": { "line": 30, "column": 4 }, "end": { "line": 32, "column": 5 } },
      "13": { "start": { "line": 31, "column": 6 }, "end": { "line": 31, "column": 63 } },
      "14": { "start": { "line": 31, "column": 40 }, "end": { "line": 31, "column": 49 } },
      "15": { "start": { "line": 34, "column": 21 }, "end": { "line": 34, "column": 85 } },
      "16": { "start": { "line": 35, "column": 4 }, "end": { "line": 35, "column": 25 } },
      "17": { "start": { "line": 39, "column": 4 }, "end": { "line": 39, "column": 45 } },
      "18": { "start": { "line": 43, "column": 4 }, "end": { "line": 43, "column": 46 } },
      "19": { "start": { "line": 47, "column": 29 }, "end": { "line": 47, "column": 48 } }
    },
    "fnMap": {
      "0": {
        "name": "(anonymous_0)",
        "decl": { "start": { "line": 7, "column": 2 }, "end": { "line": 7, "column": 3 } },
        "loc": { "start": { "line": 7, "column": 60 }, "end": { "line": 11, "column": 3 } },
        "line": 7
      },
      "1": {
        "name": "(anonymous_1)",
        "decl": { "start": { "line": 13, "column": 2 }, "end": { "line": 13, "column": 3 } },
        "loc": { "start": { "line": 13, "column": 51 }, "end": { "line": 16, "column": 3 } },
        "line": 13
      },
      "2": {
        "name": "(anonymous_2)",
        "decl": { "start": { "line": 18, "column": 2 }, "end": { "line": 18, "column": 3 } },
        "loc": { "start": { "line": 18, "column": 61 }, "end": { "line": 26, "column": 3 } },
        "line": 18
      },
      "3": {
        "name": "(anonymous_3)",
        "decl": { "start": { "line": 21, "column": 33 }, "end": { "line": 21, "column": 34 } },
        "loc": { "start": { "line": 21, "column": 40 }, "end": { "line": 21, "column": 49 } },
        "line": 21
      },
      "4": {
        "name": "(anonymous_4)",
        "decl": { "start": { "line": 28, "column": 2 }, "end": { "line": 28, "column": 3 } },
        "loc": { "start": { "line": 28, "column": 73 }, "end": { "line": 36, "column": 3 } },
        "line": 28
      },
      "5": {
        "name": "(anonymous_5)",
        "decl": { "start": { "line": 31, "column": 33 }, "end": { "line": 31, "column": 34 } },
        "loc": { "start": { "line": 31, "column": 40 }, "end": { "line": 31, "column": 49 } },
        "line": 31
      },
      "6": {
        "name": "(anonymous_6)",
        "decl": { "start": { "line": 38, "column": 2 }, "end": { "line": 38, "column": 3 } },
        "loc": { "start": { "line": 38, "column": 48 }, "end": { "line": 40, "column": 3 } },
        "line": 38
      },
      "7": {
        "name": "(anonymous_7)",
        "decl": { "start": { "line": 42, "column": 2 }, "end": { "line": 42, "column": 3 } },
        "loc": { "start": { "line": 42, "column": 56 }, "end": { "line": 44, "column": 3 } },
        "line": 42
      }
    },
    "branchMap": {
      "0": {
        "loc": { "start": { "line": 8, "column": 18 }, "end": { "line": 8, "column": 56 } },
        "type": "cond-expr",
        "locations": [
          { "start": { "line": 8, "column": 27 }, "end": { "line": 8, "column": 51 } },
          { "start": { "line": 8, "column": 54 }, "end": { "line": 8, "column": 56 } }
        ],
        "line": 8
      },
      "1": {
        "loc": { "start": { "line": 20, "column": 4 }, "end": { "line": 22, "column": 5 } },
        "type": "if",
        "locations": [
          { "start": { "line": 20, "column": 4 }, "end": { "line": 22, "column": 5 } },
          { "start": {}, "end": {} }
        ],
        "line": 20
      },
      "2": {
        "loc": { "start": { "line": 30, "column": 4 }, "end": { "line": 32, "column": 5 } },
        "type": "if",
        "locations": [
          { "start": { "line": 30, "column": 4 }, "end": { "line": 32, "column": 5 } },
          { "start": {}, "end": {} }
        ],
        "line": 30
      }
    },
    "s": {
      "0": 5,
      "1": 5,
      "2": 4,
      "3": 2,
      "4": 1,
      "5": 6,
      "6": 6,
      "7": 4,
      "8": 5,
      "9": 2,
      "10": 1,
      "11": 4,
      "12": 4,
      "13": 1,
      "14": 1,
      "15": 3,
      "16": 2,
      "17": 2,
      "18": 2,
      "19": 9
    },
    "f": { "0": 5, "1": 2, "2": 6, "3": 5, "4": 4, "5": 1, "6": 2, "7": 2 },
    "b": { "0": [3, 2], "1": [4, 2], "2": [1, 3] },
    "_coverageSchema": "1a1c01bbd47fc00a2c39e90264f33305004495a9",
    "hash": "0551680627b1ec57b2314f6433b2f968cf8d0094"
  },
  "C:\\Desenvolvimento\\Naval\\APP\\School-Manager\\services\\schools\\schoolValidation.ts": {
    "path": "C:\\Desenvolvimento\\Naval\\APP\\School-Manager\\services\\schools\\schoolValidation.ts",
    "statementMap": {
      "0": { "start": { "line": 9, "column": 36 }, "end": { "line": 9, "column": 38 } },
      "1": { "start": { "line": 11, "column": 2 }, "end": { "line": 21, "column": 3 } },
      "2": { "start": { "line": 12, "column": 4 }, "end": { "line": 15, "column": 7 } },
      "3": { "start": { "line": 16, "column": 9 }, "end": { "line": 21, "column": 3 } },
      "4": { "start": { "line": 17, "column": 4 }, "end": { "line": 20, "column": 7 } },
      "5": { "start": { "line": 23, "column": 2 }, "end": { "line": 33, "column": 3 } },
      "6": { "start": { "line": 24, "column": 4 }, "end": { "line": 27, "column": 7 } },
      "7": { "start": { "line": 28, "column": 9 }, "end": { "line": 33, "column": 3 } },
      "8": { "start": { "line": 29, "column": 4 }, "end": { "line": 32, "column": 7 } },
      "9": { "start": { "line": 35, "column": 2 }, "end": { "line": 35, "column": 16 } },
      "10": { "start": { "line": 39, "column": 36 }, "end": { "line": 39, "column": 38 } },
      "11": { "start": { "line": 41, "column": 2 }, "end": { "line": 53, "column": 3 } },
      "12": { "start": { "line": 42, "column": 4 }, "end": { "line": 52, "column": 5 } },
      "13": { "start": { "line": 43, "column": 6 }, "end": { "line": 46, "column": 9 } },
      "14": { "start": { "line": 47, "column": 11 }, "end": { "line": 52, "column": 5 } },
      "15": { "start": { "line": 48, "column": 6 }, "end": { "line": 51, "column": 9 } },
      "16": { "start": { "line": 55, "column": 2 }, "end": { "line": 67, "column": 3 } },
      "17": { "start": { "line": 56, "column": 4 }, "end": { "line": 66, "column": 5 } },
      "18": { "start": { "line": 57, "column": 6 }, "end": { "line": 60, "column": 9 } },
      "19": { "start": { "line": 61, "column": 11 }, "end": { "line": 66, "column": 5 } },
      "20": { "start": { "line": 62, "column": 6 }, "end": { "line": 65, "column": 9 } },
      "21": { "start": { "line": 69, "column": 2 }, "end": { "line": 69, "column": 16 } }
    },
    "fnMap": {
      "0": {
        "name": "validateCreateSchool",
        "decl": { "start": { "line": 8, "column": 16 }, "end": { "line": 8, "column": 36 } },
        "loc": { "start": { "line": 8, "column": 79 }, "end": { "line": 36, "column": 1 } },
        "line": 8
      },
      "1": {
        "name": "validateUpdateSchool",
        "decl": { "start": { "line": 38, "column": 16 }, "end": { "line": 38, "column": 36 } },
        "loc": { "start": { "line": 38, "column": 79 }, "end": { "line": 70, "column": 1 } },
        "line": 38
      }
    },
    "branchMap": {
      "0": {
        "loc": { "start": { "line": 11, "column": 2 }, "end": { "line": 21, "column": 3 } },
        "type": "if",
        "locations": [
          { "start": { "line": 11, "column": 2 }, "end": { "line": 21, "column": 3 } },
          { "start": { "line": 16, "column": 9 }, "end": { "line": 21, "column": 3 } }
        ],
        "line": 11
      },
      "1": {
        "loc": { "start": { "line": 11, "column": 6 }, "end": { "line": 11, "column": 49 } },
        "type": "binary-expr",
        "locations": [
          { "start": { "line": 11, "column": 6 }, "end": { "line": 11, "column": 16 } },
          { "start": { "line": 11, "column": 20 }, "end": { "line": 11, "column": 49 } }
        ],
        "line": 11
      },
      "2": {
        "loc": { "start": { "line": 16, "column": 9 }, "end": { "line": 21, "column": 3 } },
        "type": "if",
        "locations": [
          { "start": { "line": 16, "column": 9 }, "end": { "line": 21, "column": 3 } },
          { "start": {}, "end": {} }
        ],
        "line": 16
      },
      "3": {
        "loc": { "start": { "line": 23, "column": 2 }, "end": { "line": 33, "column": 3 } },
        "type": "if",
        "locations": [
          { "start": { "line": 23, "column": 2 }, "end": { "line": 33, "column": 3 } },
          { "start": { "line": 28, "column": 9 }, "end": { "line": 33, "column": 3 } }
        ],
        "line": 23
      },
      "4": {
        "loc": { "start": { "line": 23, "column": 6 }, "end": { "line": 23, "column": 55 } },
        "type": "binary-expr",
        "locations": [
          { "start": { "line": 23, "column": 6 }, "end": { "line": 23, "column": 19 } },
          { "start": { "line": 23, "column": 23 }, "end": { "line": 23, "column": 55 } }
        ],
        "line": 23
      },
      "5": {
        "loc": { "start": { "line": 28, "column": 9 }, "end": { "line": 33, "column": 3 } },
        "type": "if",
        "locations": [
          { "start": { "line": 28, "column": 9 }, "end": { "line": 33, "column": 3 } },
          { "start": {}, "end": {} }
        ],
        "line": 28
      },
      "6": {
        "loc": { "start": { "line": 41, "column": 2 }, "end": { "line": 53, "column": 3 } },
        "type": "if",
        "locations": [
          { "start": { "line": 41, "column": 2 }, "end": { "line": 53, "column": 3 } },
          { "start": {}, "end": {} }
        ],
        "line": 41
      },
      "7": {
        "loc": { "start": { "line": 42, "column": 4 }, "end": { "line": 52, "column": 5 } },
        "type": "if",
        "locations": [
          { "start": { "line": 42, "column": 4 }, "end": { "line": 52, "column": 5 } },
          { "start": { "line": 47, "column": 11 }, "end": { "line": 52, "column": 5 } }
        ],
        "line": 42
      },
      "8": {
        "loc": { "start": { "line": 47, "column": 11 }, "end": { "line": 52, "column": 5 } },
        "type": "if",
        "locations": [
          { "start": { "line": 47, "column": 11 }, "end": { "line": 52, "column": 5 } },
          { "start": {}, "end": {} }
        ],
        "line": 47
      },
      "9": {
        "loc": { "start": { "line": 55, "column": 2 }, "end": { "line": 67, "column": 3 } },
        "type": "if",
        "locations": [
          { "start": { "line": 55, "column": 2 }, "end": { "line": 67, "column": 3 } },
          { "start": {}, "end": {} }
        ],
        "line": 55
      },
      "10": {
        "loc": { "start": { "line": 56, "column": 4 }, "end": { "line": 66, "column": 5 } },
        "type": "if",
        "locations": [
          { "start": { "line": 56, "column": 4 }, "end": { "line": 66, "column": 5 } },
          { "start": { "line": 61, "column": 11 }, "end": { "line": 66, "column": 5 } }
        ],
        "line": 56
      },
      "11": {
        "loc": { "start": { "line": 61, "column": 11 }, "end": { "line": 66, "column": 5 } },
        "type": "if",
        "locations": [
          { "start": { "line": 61, "column": 11 }, "end": { "line": 66, "column": 5 } },
          { "start": {}, "end": {} }
        ],
        "line": 61
      }
    },
    "s": {
      "0": 16,
      "1": 16,
      "2": 5,
      "3": 11,
      "4": 2,
      "5": 16,
      "6": 5,
      "7": 11,
      "8": 1,
      "9": 16,
      "10": 14,
      "11": 14,
      "12": 10,
      "13": 3,
      "14": 7,
      "15": 2,
      "16": 14,
      "17": 6,
      "18": 1,
      "19": 5,
      "20": 2,
      "21": 14
    },
    "f": { "0": 16, "1": 14 },
    "b": {
      "0": [5, 11],
      "1": [16, 12],
      "2": [2, 9],
      "3": [5, 11],
      "4": [16, 12],
      "5": [1, 10],
      "6": [10, 4],
      "7": [3, 7],
      "8": [2, 5],
      "9": [6, 8],
      "10": [1, 5],
      "11": [2, 3]
    },
    "_coverageSchema": "1a1c01bbd47fc00a2c39e90264f33305004495a9",
    "hash": "0f50f02828bc2a929f5d96770f9d81d053ac5883"
  },
  "C:\\Desenvolvimento\\Naval\\APP\\School-Manager\\store\\useClassStore.ts": {
    "path": "C:\\Desenvolvimento\\Naval\\APP\\School-Manager\\store\\useClassStore.ts",
    "statementMap": {
      "0": { "start": { "line": 22, "column": 29 }, "end": { "line": 139, "column": 3 } },
      "1": { "start": { "line": 22, "column": 63 }, "end": { "line": 139, "column": 1 } },
      "2": { "start": { "line": 30, "column": 4 }, "end": { "line": 30, "column": 42 } },
      "3": { "start": { "line": 31, "column": 4 }, "end": { "line": 40, "column": 5 } },
      "4": { "start": { "line": 32, "column": 23 }, "end": { "line": 32, "column": 55 } },
      "5": { "start": { "line": 33, "column": 22 }, "end": { "line": 33, "column": 98 } },
      "6": { "start": { "line": 34, "column": 6 }, "end": { "line": 34, "column": 41 } },
      "7": { "start": { "line": 36, "column": 6 }, "end": { "line": 39, "column": 9 } },
      "8": { "start": { "line": 44, "column": 4 }, "end": { "line": 44, "column": 42 } },
      "9": { "start": { "line": 45, "column": 4 }, "end": { "line": 53, "column": 5 } },
      "10": { "start": { "line": 46, "column": 24 }, "end": { "line": 46, "column": 59 } },
      "11": { "start": { "line": 47, "column": 6 }, "end": { "line": 47, "column": 58 } },
      "12": { "start": { "line": 49, "column": 6 }, "end": { "line": 52, "column": 9 } },
      "13": { "start": { "line": 57, "column": 4 }, "end": { "line": 57, "column": 42 } },
      "14": { "start": { "line": 58, "column": 4 }, "end": { "line": 80, "column": 5 } },
      "15": { "start": { "line": 59, "column": 23 }, "end": { "line": 59, "column": 59 } },
      "16": { "start": { "line": 60, "column": 6 }, "end": { "line": 63, "column": 10 } },
      "17": { "start": { "line": 60, "column": 22 }, "end": { "line": 63, "column": 7 } },
      "18": { "start": { "line": 65, "column": 6 }, "end": { "line": 73, "column": 7 } },
      "19": { "start": { "line": 66, "column": 23 }, "end": { "line": 66, "column": 71 } },
      "20": { "start": { "line": 67, "column": 8 }, "end": { "line": 70, "column": 11 } },
      "21": { "start": { "line": 72, "column": 8 }, "end": { "line": 72, "column": 74 } },
      "22": { "start": { "line": 75, "column": 6 }, "end": { "line": 78, "column": 9 } },
      "23": { "start": { "line": 79, "column": 6 }, "end": { "line": 79, "column": 18 } },
      "24": { "start": { "line": 84, "column": 4 }, "end": { "line": 84, "column": 42 } },
      "25": { "start": { "line": 85, "column": 4 }, "end": { "line": 98, "column": 5 } },
      "26": { "start": { "line": 86, "column": 27 }, "end": { "line": 86, "column": 72 } },
      "27": { "start": { "line": 87, "column": 6 }, "end": { "line": 91, "column": 10 } },
      "28": { "start": { "line": 87, "column": 22 }, "end": { "line": 91, "column": 7 } },
      "29": { "start": { "line": 88, "column": 43 }, "end": { "line": 88, "column": 78 } },
      "30": { "start": { "line": 93, "column": 6 }, "end": { "line": 96, "column": 9 } },
      "31": { "start": { "line": 97, "column": 6 }, "end": { "line": 97, "column": 18 } },
      "32": { "start": { "line": 102, "column": 4 }, "end": { "line": 102, "column": 42 } },
      "33": { "start": { "line": 103, "column": 4 }, "end": { "line": 129, "column": 5 } },
      "34": { "start": { "line": 104, "column": 24 }, "end": { "line": 104, "column": 62 } },
      "35": { "start": { "line": 104, "column": 50 }, "end": { "line": 104, "column": 61 } },
      "36": { "start": { "line": 105, "column": 6 }, "end": { "line": 105, "column": 41 } },
      "37": { "start": { "line": 106, "column": 6 }, "end": { "line": 110, "column": 10 } },
      "38": { "start": { "line": 106, "column": 22 }, "end": { "line": 110, "column": 7 } },
      "39": { "start": { "line": 107, "column": 45 }, "end": { "line": 107, "column": 56 } },
      "40": { "start": { "line": 112, "column": 6 }, "end": { "line": 122, "column": 7 } },
      "41": { "start": { "line": 113, "column": 8 }, "end": { "line": 121, "column": 9 } },
      "42": { "start": { "line": 114, "column": 25 }, "end": { "line": 114, "column": 78 } },
      "43": { "start": { "line": 115, "column": 10 }, "end": { "line": 118, "column": 13 } },
      "44": { "start": { "line": 120, "column": 10 }, "end": { "line": 120, "column": 76 } },
      "45": { "start": { "line": 124, "column": 6 }, "end": { "line": 127, "column": 9 } },
      "46": { "start": { "line": 128, "column": 6 }, "end": { "line": 128, "column": 18 } },
      "47": { "start": { "line": 133, "column": 4 }, "end": { "line": 133, "column": 38 } },
      "48": { "start": { "line": 137, "column": 4 }, "end": { "line": 137, "column": 25 } }
    },
    "fnMap": {
      "0": {
        "name": "(anonymous_0)",
        "decl": { "start": { "line": 22, "column": 48 }, "end": { "line": 22, "column": 49 } },
        "loc": { "start": { "line": 22, "column": 63 }, "end": { "line": 139, "column": 1 } },
        "line": 22
      },
      "1": {
        "name": "(anonymous_1)",
        "decl": { "start": { "line": 29, "column": 16 }, "end": { "line": 29, "column": 17 } },
        "loc": { "start": { "line": 29, "column": 45 }, "end": { "line": 41, "column": 3 } },
        "line": 29
      },
      "2": {
        "name": "(anonymous_2)",
        "decl": { "start": { "line": 43, "column": 18 }, "end": { "line": 43, "column": 19 } },
        "loc": { "start": { "line": 43, "column": 40 }, "end": { "line": 54, "column": 3 } },
        "line": 43
      },
      "3": {
        "name": "(anonymous_3)",
        "decl": { "start": { "line": 56, "column": 15 }, "end": { "line": 56, "column": 16 } },
        "loc": { "start": { "line": 56, "column": 47 }, "end": { "line": 81, "column": 3 } },
        "line": 56
      },
      "4": {
        "name": "(anonymous_4)",
        "decl": { "start": { "line": 60, "column": 10 }, "end": { "line": 60, "column": 11 } },
        "loc": { "start": { "line": 60, "column": 22 }, "end": { "line": 63, "column": 7 } },
        "line": 60
      },
      "5": {
        "name": "(anonymous_5)",
        "decl": { "start": { "line": 83, "column": 15 }, "end": { "line": 83, "column": 16 } },
        "loc": { "start": { "line": 83, "column": 47 }, "end": { "line": 99, "column": 3 } },
        "line": 83
      },
      "6": {
        "name": "(anonymous_6)",
        "decl": { "start": { "line": 87, "column": 10 }, "end": { "line": 87, "column": 11 } },
        "loc": { "start": { "line": 87, "column": 22 }, "end": { "line": 91, "column": 7 } },
        "line": 87
      },
      "7": {
        "name": "(anonymous_7)",
        "decl": { "start": { "line": 88, "column": 35 }, "end": { "line": 88, "column": 36 } },
        "loc": { "start": { "line": 88, "column": 43 }, "end": { "line": 88, "column": 78 } },
        "line": 88
      },
      "8": {
        "name": "(anonymous_8)",
        "decl": { "start": { "line": 101, "column": 15 }, "end": { "line": 101, "column": 16 } },
        "loc": { "start": { "line": 101, "column": 37 }, "end": { "line": 130, "column": 3 } },
        "line": 101
      },
      "9": {
        "name": "(anonymous_9)",
        "decl": { "start": { "line": 104, "column": 43 }, "end": { "line": 104, "column": 44 } },
        "loc": { "start": { "line": 104, "column": 50 }, "end": { "line": 104, "column": 61 } },
        "line": 104
      },
      "10": {
        "name": "(anonymous_10)",
        "decl": { "start": { "line": 106, "column": 10 }, "end": { "line": 106, "column": 11 } },
        "loc": { "start": { "line": 106, "column": 22 }, "end": { "line": 110, "column": 7 } },
        "line": 106
      },
      "11": {
        "name": "(anonymous_11)",
        "decl": { "start": { "line": 107, "column": 38 }, "end": { "line": 107, "column": 39 } },
        "loc": { "start": { "line": 107, "column": 45 }, "end": { "line": 107, "column": 56 } },
        "line": 107
      },
      "12": {
        "name": "(anonymous_12)",
        "decl": { "start": { "line": 132, "column": 21 }, "end": { "line": 132, "column": 22 } },
        "loc": { "start": { "line": 132, "column": 50 }, "end": { "line": 134, "column": 3 } },
        "line": 132
      },
      "13": {
        "name": "(anonymous_13)",
        "decl": { "start": { "line": 136, "column": 14 }, "end": { "line": 136, "column": 15 } },
        "loc": { "start": { "line": 136, "column": 20 }, "end": { "line": 138, "column": 3 } },
        "line": 136
      }
    },
    "branchMap": {
      "0": {
        "loc": { "start": { "line": 32, "column": 23 }, "end": { "line": 32, "column": 55 } },
        "type": "binary-expr",
        "locations": [
          { "start": { "line": 32, "column": 23 }, "end": { "line": 32, "column": 31 } },
          { "start": { "line": 32, "column": 35 }, "end": { "line": 32, "column": 55 } }
        ],
        "line": 32
      },
      "1": {
        "loc": { "start": { "line": 33, "column": 52 }, "end": { "line": 33, "column": 97 } },
        "type": "cond-expr",
        "locations": [
          { "start": { "line": 33, "column": 63 }, "end": { "line": 33, "column": 85 } },
          { "start": { "line": 33, "column": 88 }, "end": { "line": 33, "column": 97 } }
        ],
        "line": 33
      },
      "2": {
        "loc": { "start": { "line": 37, "column": 15 }, "end": { "line": 37, "column": 71 } },
        "type": "cond-expr",
        "locations": [
          { "start": { "line": 37, "column": 40 }, "end": { "line": 37, "column": 53 } },
          { "start": { "line": 37, "column": 56 }, "end": { "line": 37, "column": 71 } }
        ],
        "line": 37
      },
      "3": {
        "loc": { "start": { "line": 50, "column": 15 }, "end": { "line": 50, "column": 71 } },
        "type": "cond-expr",
        "locations": [
          { "start": { "line": 50, "column": 40 }, "end": { "line": 50, "column": 53 } },
          { "start": { "line": 50, "column": 56 }, "end": { "line": 50, "column": 71 } }
        ],
        "line": 50
      },
      "4": {
        "loc": { "start": { "line": 76, "column": 15 }, "end": { "line": 76, "column": 71 } },
        "type": "cond-expr",
        "locations": [
          { "start": { "line": 76, "column": 40 }, "end": { "line": 76, "column": 53 } },
          { "start": { "line": 76, "column": 56 }, "end": { "line": 76, "column": 71 } }
        ],
        "line": 76
      },
      "5": {
        "loc": { "start": { "line": 88, "column": 43 }, "end": { "line": 88, "column": 78 } },
        "type": "cond-expr",
        "locations": [
          { "start": { "line": 88, "column": 62 }, "end": { "line": 88, "column": 74 } },
          { "start": { "line": 88, "column": 77 }, "end": { "line": 88, "column": 78 } }
        ],
        "line": 88
      },
      "6": {
        "loc": { "start": { "line": 89, "column": 23 }, "end": { "line": 89, "column": 95 } },
        "type": "cond-expr",
        "locations": [
          { "start": { "line": 89, "column": 61 }, "end": { "line": 89, "column": 73 } },
          { "start": { "line": 89, "column": 76 }, "end": { "line": 89, "column": 95 } }
        ],
        "line": 89
      },
      "7": {
        "loc": { "start": { "line": 94, "column": 15 }, "end": { "line": 94, "column": 71 } },
        "type": "cond-expr",
        "locations": [
          { "start": { "line": 94, "column": 40 }, "end": { "line": 94, "column": 53 } },
          { "start": { "line": 94, "column": 56 }, "end": { "line": 94, "column": 71 } }
        ],
        "line": 94
      },
      "8": {
        "loc": { "start": { "line": 108, "column": 23 }, "end": { "line": 108, "column": 82 } },
        "type": "cond-expr",
        "locations": [
          { "start": { "line": 108, "column": 56 }, "end": { "line": 108, "column": 60 } },
          { "start": { "line": 108, "column": 63 }, "end": { "line": 108, "column": 82 } }
        ],
        "line": 108
      },
      "9": {
        "loc": { "start": { "line": 112, "column": 6 }, "end": { "line": 122, "column": 7 } },
        "type": "if",
        "locations": [
          { "start": { "line": 112, "column": 6 }, "end": { "line": 122, "column": 7 } },
          { "start": {}, "end": {} }
        ],
        "line": 112
      },
      "10": {
        "loc": { "start": { "line": 125, "column": 15 }, "end": { "line": 125, "column": 71 } },
        "type": "cond-expr",
        "locations": [
          { "start": { "line": 125, "column": 40 }, "end": { "line": 125, "column": 53 } },
          { "start": { "line": 125, "column": 56 }, "end": { "line": 125, "column": 71 } }
        ],
        "line": 125
      }
    },
    "s": {
      "0": 4,
      "1": 4,
      "2": 16,
      "3": 16,
      "4": 16,
      "5": 16,
      "6": 11,
      "7": 5,
      "8": 2,
      "9": 2,
      "10": 2,
      "11": 1,
      "12": 1,
      "13": 15,
      "14": 15,
      "15": 15,
      "16": 11,
      "17": 11,
      "18": 11,
      "19": 11,
      "20": 9,
      "21": 2,
      "22": 4,
      "23": 4,
      "24": 4,
      "25": 4,
      "26": 4,
      "27": 2,
      "28": 2,
      "29": 4,
      "30": 2,
      "31": 2,
      "32": 7,
      "33": 7,
      "34": 7,
      "35": 7,
      "36": 7,
      "37": 5,
      "38": 5,
      "39": 7,
      "40": 5,
      "41": 5,
      "42": 5,
      "43": 4,
      "44": 1,
      "45": 2,
      "46": 2,
      "47": 13,
      "48": 2
    },
    "f": {
      "0": 4,
      "1": 16,
      "2": 2,
      "3": 15,
      "4": 11,
      "5": 4,
      "6": 2,
      "7": 4,
      "8": 7,
      "9": 7,
      "10": 5,
      "11": 7,
      "12": 13,
      "13": 2
    },
    "b": {
      "0": [16, 12],
      "1": [6, 10],
      "2": [4, 1],
      "3": [1, 0],
      "4": [4, 0],
      "5": [2, 2],
      "6": [1, 1],
      "7": [2, 0],
      "8": [1, 4],
      "9": [5, 0],
      "10": [2, 0]
    },
    "_coverageSchema": "1a1c01bbd47fc00a2c39e90264f33305004495a9",
    "hash": "0dfdab2020e19b335a74f1c179c2bb802f1cf976"
  },
  "C:\\Desenvolvimento\\Naval\\APP\\School-Manager\\store\\useSchoolStore.ts": {
    "path": "C:\\Desenvolvimento\\Naval\\APP\\School-Manager\\store\\useSchoolStore.ts",
    "statementMap": {
      "0": { "start": { "line": 21, "column": 30 }, "end": { "line": 115, "column": 3 } },
      "1": { "start": { "line": 21, "column": 65 }, "end": { "line": 115, "column": 1 } },
      "2": { "start": { "line": 29, "column": 4 }, "end": { "line": 29, "column": 42 } },
      "3": { "start": { "line": 30, "column": 4 }, "end": { "line": 39, "column": 5 } },
      "4": { "start": { "line": 31, "column": 20 }, "end": { "line": 31, "column": 37 } },
      "5": { "start": { "line": 32, "column": 22 }, "end": { "line": 32, "column": 91 } },
      "6": { "start": { "line": 33, "column": 6 }, "end": { "line": 33, "column": 41 } },
      "7": { "start": { "line": 35, "column": 6 }, "end": { "line": 38, "column": 9 } },
      "8": { "start": { "line": 43, "column": 4 }, "end": { "line": 43, "column": 42 } },
      "9": { "start": { "line": 44, "column": 4 }, "end": { "line": 52, "column": 5 } },
      "10": { "start": { "line": 45, "column": 21 }, "end": { "line": 45, "column": 58 } },
      "11": { "start": { "line": 46, "column": 6 }, "end": { "line": 46, "column": 56 } },
      "12": { "start": { "line": 48, "column": 6 }, "end": { "line": 51, "column": 9 } },
      "13": { "start": { "line": 56, "column": 4 }, "end": { "line": 56, "column": 42 } },
      "14": { "start": { "line": 57, "column": 4 }, "end": { "line": 69, "column": 5 } },
      "15": { "start": { "line": 58, "column": 24 }, "end": { "line": 58, "column": 62 } },
      "16": { "start": { "line": 59, "column": 6 }, "end": { "line": 62, "column": 10 } },
      "17": { "start": { "line": 59, "column": 22 }, "end": { "line": 62, "column": 7 } },
      "18": { "start": { "line": 64, "column": 6 }, "end": { "line": 67, "column": 9 } },
      "19": { "start": { "line": 68, "column": 6 }, "end": { "line": 68, "column": 18 } },
      "20": { "start": { "line": 73, "column": 4 }, "end": { "line": 73, "column": 42 } },
      "21": { "start": { "line": 74, "column": 4 }, "end": { "line": 87, "column": 5 } },
      "22": { "start": { "line": 75, "column": 28 }, "end": { "line": 75, "column": 75 } },
      "23": { "start": { "line": 76, "column": 6 }, "end": { "line": 80, "column": 10 } },
      "24": { "start": { "line": 76, "column": 22 }, "end": { "line": 80, "column": 7 } },
      "25": { "start": { "line": 77, "column": 43 }, "end": { "line": 77, "column": 79 } },
      "26": { "start": { "line": 82, "column": 6 }, "end": { "line": 85, "column": 9 } },
      "27": { "start": { "line": 86, "column": 6 }, "end": { "line": 86, "column": 18 } },
      "28": { "start": { "line": 91, "column": 4 }, "end": { "line": 91, "column": 42 } },
      "29": { "start": { "line": 92, "column": 4 }, "end": { "line": 105, "column": 5 } },
      "30": { "start": { "line": 93, "column": 6 }, "end": { "line": 93, "column": 43 } },
      "31": { "start": { "line": 94, "column": 6 }, "end": { "line": 98, "column": 10 } },
      "32": { "start": { "line": 94, "column": 22 }, "end": { "line": 98, "column": 7 } },
      "33": { "start": { "line": 95, "column": 45 }, "end": { "line": 95, "column": 56 } },
      "34": { "start": { "line": 100, "column": 6 }, "end": { "line": 103, "column": 9 } },
      "35": { "start": { "line": 104, "column": 6 }, "end": { "line": 104, "column": 18 } },
      "36": { "start": { "line": 109, "column": 4 }, "end": { "line": 109, "column": 32 } },
      "37": { "start": { "line": 113, "column": 4 }, "end": { "line": 113, "column": 25 } }
    },
    "fnMap": {
      "0": {
        "name": "(anonymous_0)",
        "decl": { "start": { "line": 21, "column": 50 }, "end": { "line": 21, "column": 51 } },
        "loc": { "start": { "line": 21, "column": 65 }, "end": { "line": 115, "column": 1 } },
        "line": 21
      },
      "1": {
        "name": "(anonymous_1)",
        "decl": { "start": { "line": 28, "column": 16 }, "end": { "line": 28, "column": 17 } },
        "loc": { "start": { "line": 28, "column": 28 }, "end": { "line": 40, "column": 3 } },
        "line": 28
      },
      "2": {
        "name": "(anonymous_2)",
        "decl": { "start": { "line": 42, "column": 19 }, "end": { "line": 42, "column": 20 } },
        "loc": { "start": { "line": 42, "column": 41 }, "end": { "line": 53, "column": 3 } },
        "line": 42
      },
      "3": {
        "name": "(anonymous_3)",
        "decl": { "start": { "line": 55, "column": 16 }, "end": { "line": 55, "column": 17 } },
        "loc": { "start": { "line": 55, "column": 49 }, "end": { "line": 70, "column": 3 } },
        "line": 55
      },
      "4": {
        "name": "(anonymous_4)",
        "decl": { "start": { "line": 59, "column": 10 }, "end": { "line": 59, "column": 11 } },
        "loc": { "start": { "line": 59, "column": 22 }, "end": { "line": 62, "column": 7 } },
        "line": 59
      },
      "5": {
        "name": "(anonymous_5)",
        "decl": { "start": { "line": 72, "column": 16 }, "end": { "line": 72, "column": 17 } },
        "loc": { "start": { "line": 72, "column": 49 }, "end": { "line": 88, "column": 3 } },
        "line": 72
      },
      "6": {
        "name": "(anonymous_6)",
        "decl": { "start": { "line": 76, "column": 10 }, "end": { "line": 76, "column": 11 } },
        "loc": { "start": { "line": 76, "column": 22 }, "end": { "line": 80, "column": 7 } },
        "line": 76
      },
      "7": {
        "name": "(anonymous_7)",
        "decl": { "start": { "line": 77, "column": 35 }, "end": { "line": 77, "column": 36 } },
        "loc": { "start": { "line": 77, "column": 43 }, "end": { "line": 77, "column": 79 } },
        "line": 77
      },
      "8": {
        "name": "(anonymous_8)",
        "decl": { "start": { "line": 90, "column": 16 }, "end": { "line": 90, "column": 17 } },
        "loc": { "start": { "line": 90, "column": 38 }, "end": { "line": 106, "column": 3 } },
        "line": 90
      },
      "9": {
        "name": "(anonymous_9)",
        "decl": { "start": { "line": 94, "column": 10 }, "end": { "line": 94, "column": 11 } },
        "loc": { "start": { "line": 94, "column": 22 }, "end": { "line": 98, "column": 7 } },
        "line": 94
      },
      "10": {
        "name": "(anonymous_10)",
        "decl": { "start": { "line": 95, "column": 38 }, "end": { "line": 95, "column": 39 } },
        "loc": { "start": { "line": 95, "column": 45 }, "end": { "line": 95, "column": 56 } },
        "line": 95
      },
      "11": {
        "name": "(anonymous_11)",
        "decl": { "start": { "line": 108, "column": 18 }, "end": { "line": 108, "column": 19 } },
        "loc": { "start": { "line": 108, "column": 37 }, "end": { "line": 110, "column": 3 } },
        "line": 108
      },
      "12": {
        "name": "(anonymous_12)",
        "decl": { "start": { "line": 112, "column": 14 }, "end": { "line": 112, "column": 15 } },
        "loc": { "start": { "line": 112, "column": 20 }, "end": { "line": 114, "column": 3 } },
        "line": 112
      }
    },
    "branchMap": {
      "0": {
        "loc": { "start": { "line": 32, "column": 53 }, "end": { "line": 32, "column": 90 } },
        "type": "cond-expr",
        "locations": [
          { "start": { "line": 32, "column": 61 }, "end": { "line": 32, "column": 78 } },
          { "start": { "line": 32, "column": 81 }, "end": { "line": 32, "column": 90 } }
        ],
        "line": 32
      },
      "1": {
        "loc": { "start": { "line": 36, "column": 15 }, "end": { "line": 36, "column": 71 } },
        "type": "cond-expr",
        "locations": [
          { "start": { "line": 36, "column": 40 }, "end": { "line": 36, "column": 53 } },
          { "start": { "line": 36, "column": 56 }, "end": { "line": 36, "column": 71 } }
        ],
        "line": 36
      },
      "2": {
        "loc": { "start": { "line": 49, "column": 15 }, "end": { "line": 49, "column": 71 } },
        "type": "cond-expr",
        "locations": [
          { "start": { "line": 49, "column": 40 }, "end": { "line": 49, "column": 53 } },
          { "start": { "line": 49, "column": 56 }, "end": { "line": 49, "column": 71 } }
        ],
        "line": 49
      },
      "3": {
        "loc": { "start": { "line": 65, "column": 15 }, "end": { "line": 65, "column": 71 } },
        "type": "cond-expr",
        "locations": [
          { "start": { "line": 65, "column": 40 }, "end": { "line": 65, "column": 53 } },
          { "start": { "line": 65, "column": 56 }, "end": { "line": 65, "column": 71 } }
        ],
        "line": 65
      },
      "4": {
        "loc": { "start": { "line": 77, "column": 43 }, "end": { "line": 77, "column": 79 } },
        "type": "cond-expr",
        "locations": [
          { "start": { "line": 77, "column": 62 }, "end": { "line": 77, "column": 75 } },
          { "start": { "line": 77, "column": 78 }, "end": { "line": 77, "column": 79 } }
        ],
        "line": 77
      },
      "5": {
        "loc": { "start": { "line": 78, "column": 24 }, "end": { "line": 78, "column": 99 } },
        "type": "cond-expr",
        "locations": [
          { "start": { "line": 78, "column": 63 }, "end": { "line": 78, "column": 76 } },
          { "start": { "line": 78, "column": 79 }, "end": { "line": 78, "column": 99 } }
        ],
        "line": 78
      },
      "6": {
        "loc": { "start": { "line": 83, "column": 15 }, "end": { "line": 83, "column": 71 } },
        "type": "cond-expr",
        "locations": [
          { "start": { "line": 83, "column": 40 }, "end": { "line": 83, "column": 53 } },
          { "start": { "line": 83, "column": 56 }, "end": { "line": 83, "column": 71 } }
        ],
        "line": 83
      },
      "7": {
        "loc": { "start": { "line": 96, "column": 24 }, "end": { "line": 96, "column": 85 } },
        "type": "cond-expr",
        "locations": [
          { "start": { "line": 96, "column": 58 }, "end": { "line": 96, "column": 62 } },
          { "start": { "line": 96, "column": 65 }, "end": { "line": 96, "column": 85 } }
        ],
        "line": 96
      },
      "8": {
        "loc": { "start": { "line": 101, "column": 15 }, "end": { "line": 101, "column": 71 } },
        "type": "cond-expr",
        "locations": [
          { "start": { "line": 101, "column": 40 }, "end": { "line": 101, "column": 53 } },
          { "start": { "line": 101, "column": 56 }, "end": { "line": 101, "column": 71 } }
        ],
        "line": 101
      }
    },
    "s": {
      "0": 6,
      "1": 6,
      "2": 15,
      "3": 15,
      "4": 15,
      "5": 15,
      "6": 10,
      "7": 5,
      "8": 4,
      "9": 4,
      "10": 4,
      "11": 2,
      "12": 2,
      "13": 10,
      "14": 10,
      "15": 10,
      "16": 6,
      "17": 6,
      "18": 4,
      "19": 4,
      "20": 13,
      "21": 13,
      "22": 13,
      "23": 9,
      "24": 9,
      "25": 14,
      "26": 4,
      "27": 4,
      "28": 15,
      "29": 15,
      "30": 15,
      "31": 11,
      "32": 11,
      "33": 23,
      "34": 4,
      "35": 4,
      "36": 13,
      "37": 2
    },
    "f": {
      "0": 6,
      "1": 15,
      "2": 4,
      "3": 10,
      "4": 6,
      "5": 13,
      "6": 9,
      "7": 14,
      "8": 15,
      "9": 11,
      "10": 23,
      "11": 13,
      "12": 2
    },
    "b": {
      "0": [4, 11],
      "1": [5, 0],
      "2": [2, 0],
      "3": [4, 0],
      "4": [9, 5],
      "5": [2, 7],
      "6": [4, 0],
      "7": [2, 9],
      "8": [4, 0]
    },
    "_coverageSchema": "1a1c01bbd47fc00a2c39e90264f33305004495a9",
    "hash": "43090821e7060d92004dc415462730c03b470af8"
  }
}
