TN:
SF:components\EmptyState.tsx
FN:11,EmptyState
FNF:1
FNH:1
FNDA:9,EmptyState
DA:12,9
LF:1
LH:1
BRDA:23,0,0,9
BRDA:23,0,1,3
BRDA:23,0,2,2
BRF:3
BRH:3
end_of_record
TN:
SF:components\Toast.tsx
FN:15,Toast
FN:16,(anonymous_1)
FN:17,(anonymous_2)
FN:21,(anonymous_3)
FN:31,(anonymous_4)
FNF:5
FNH:5
FNDA:19,Toast
FNDA:19,(anonymous_1)
FNDA:2,(anonymous_2)
FNDA:19,(anonymous_3)
FNDA:1,(anonymous_4)
DA:16,19
DA:17,19
DA:18,2
DA:21,19
DA:24,19
DA:31,1
LF:6
LH:6
BRDA:15,0,0,18
BRDA:34,1,0,9
BRDA:34,1,1,10
BRDA:34,2,0,2
BRDA:34,2,1,8
BRDA:34,3,0,2
BRDA:34,3,1,6
BRF:7
BRH:7
end_of_record
TN:
SF:screens\classes\components\ClassCard.tsx
FN:35,ClassCard
FN:37,(anonymous_1)
FN:49,(anonymous_2)
FNF:3
FNH:3
FNDA:17,ClassCard
FNDA:1,(anonymous_1)
FNDA:17,(anonymous_2)
DA:9,1
DA:36,17
DA:37,17
DA:38,1
DA:41,17
DA:50,17
LF:6
LH:6
BRDA:46,0,0,3
BRDA:46,0,1,14
BRDA:58,1,0,0
BRDA:58,1,1,17
BRDA:72,2,0,17
BRDA:72,2,1,3
BRF:6
BRH:5
end_of_record
TN:
SF:screens\schools\components\SchoolCard.tsx
FN:13,SchoolCard
FN:16,(anonymous_1)
FN:22,(anonymous_2)
FNF:3
FNH:3
FNDA:14,SchoolCard
FNDA:1,(anonymous_1)
FNDA:14,(anonymous_2)
DA:14,14
DA:16,1
DA:23,14
LF:3
LH:3
BRDA:20,0,0,2
BRDA:20,0,1,12
BRDA:31,1,0,0
BRDA:31,1,1,14
BRDA:60,2,0,2
BRDA:60,2,1,12
BRDA:63,3,0,14
BRDA:63,3,1,12
BRF:8
BRH:7
end_of_record
TN:
SF:screens\schools\components\SchoolFormFields.tsx
FN:24,SchoolFormFields
FNF:1
FNH:1
FNDA:18,SchoolFormFields
DA:33,18
LF:1
LH:1
BRDA:47,0,0,2
BRDA:47,0,1,16
BRDA:60,1,0,18
BRDA:60,1,1,2
BRDA:79,2,0,2
BRDA:79,2,1,16
BRDA:94,3,0,18
BRDA:94,3,1,2
BRF:8
BRH:8
end_of_record
TN:
SF:services\classes\classService.ts
FN:7,(anonymous_0)
FN:13,(anonymous_1)
FN:17,(anonymous_2)
FN:22,(anonymous_3)
FN:25,(anonymous_4)
FN:32,(anonymous_5)
FN:35,(anonymous_6)
FN:42,(anonymous_7)
FNF:8
FNH:8
FNDA:4,(anonymous_0)
FNDA:1,(anonymous_1)
FNDA:2,(anonymous_2)
FNDA:9,(anonymous_3)
FNDA:4,(anonymous_4)
FNDA:6,(anonymous_5)
FNDA:2,(anonymous_6)
FNDA:2,(anonymous_7)
DA:8,4
DA:9,4
DA:10,3
DA:14,1
DA:18,2
DA:19,1
DA:23,9
DA:24,9
DA:25,4
DA:28,5
DA:29,4
DA:33,6
DA:34,6
DA:35,2
DA:38,4
DA:39,3
DA:43,2
DA:47,5
LF:18
LH:18
BRDA:8,0,0,2
BRDA:8,0,1,2
BRDA:24,1,0,4
BRDA:24,1,1,5
BRDA:34,2,0,2
BRDA:34,2,1,4
BRF:6
BRH:6
end_of_record
TN:
SF:services\classes\classValidation.ts
FN:11,validateCreateClass
FN:60,validateUpdateClass
FNF:2
FNH:2
FNDA:22,validateCreateClass
FNDA:17,validateUpdateClass
DA:8,6
DA:9,6
DA:12,22
DA:14,22
DA:15,3
DA:19,19
DA:20,1
DA:26,22
DA:27,3
DA:33,22
DA:34,1
DA:38,21
DA:39,3
DA:43,18
DA:44,1
DA:50,22
DA:51,3
DA:57,22
DA:61,17
DA:63,17
DA:64,9
DA:65,2
DA:69,7
DA:70,2
DA:77,17
DA:78,3
DA:84,17
DA:85,6
DA:86,2
DA:90,4
DA:91,1
DA:98,17
LF:32
LH:32
BRDA:14,0,0,3
BRDA:14,0,1,19
BRDA:14,1,0,22
BRDA:14,1,1,19
BRDA:19,2,0,1
BRDA:19,2,1,18
BRDA:26,3,0,3
BRDA:26,3,1,19
BRDA:26,4,0,22
BRDA:26,4,1,22
BRDA:33,5,0,1
BRDA:33,5,1,21
BRDA:38,6,0,3
BRDA:38,6,1,18
BRDA:43,7,0,1
BRDA:43,7,1,17
BRDA:50,8,0,3
BRDA:50,8,1,19
BRDA:50,9,0,22
BRDA:50,9,1,19
BRDA:63,10,0,9
BRDA:63,10,1,8
BRDA:64,11,0,2
BRDA:64,11,1,7
BRDA:69,12,0,2
BRDA:69,12,1,5
BRDA:77,13,0,3
BRDA:77,13,1,14
BRDA:77,14,0,17
BRDA:77,14,1,7
BRDA:84,15,0,6
BRDA:84,15,1,11
BRDA:85,16,0,2
BRDA:85,16,1,4
BRDA:90,17,0,1
BRDA:90,17,1,3
BRF:36
BRH:36
end_of_record
TN:
SF:services\schools\schoolService.ts
FN:7,(anonymous_0)
FN:13,(anonymous_1)
FN:18,(anonymous_2)
FN:21,(anonymous_3)
FN:28,(anonymous_4)
FN:31,(anonymous_5)
FN:38,(anonymous_6)
FN:42,(anonymous_7)
FNF:8
FNH:8
FNDA:5,(anonymous_0)
FNDA:2,(anonymous_1)
FNDA:6,(anonymous_2)
FNDA:5,(anonymous_3)
FNDA:4,(anonymous_4)
FNDA:1,(anonymous_5)
FNDA:2,(anonymous_6)
FNDA:2,(anonymous_7)
DA:8,5
DA:9,5
DA:10,4
DA:14,2
DA:15,1
DA:19,6
DA:20,6
DA:21,5
DA:24,2
DA:25,1
DA:29,4
DA:30,4
DA:31,1
DA:34,3
DA:35,2
DA:39,2
DA:43,2
DA:47,9
LF:18
LH:18
BRDA:8,0,0,3
BRDA:8,0,1,2
BRDA:20,1,0,4
BRDA:20,1,1,2
BRDA:30,2,0,1
BRDA:30,2,1,3
BRF:6
BRH:6
end_of_record
TN:
SF:services\schools\schoolValidation.ts
FN:8,validateCreateSchool
FN:38,validateUpdateSchool
FNF:2
FNH:2
FNDA:16,validateCreateSchool
FNDA:14,validateUpdateSchool
DA:9,16
DA:11,16
DA:12,5
DA:16,11
DA:17,2
DA:23,16
DA:24,5
DA:28,11
DA:29,1
DA:35,16
DA:39,14
DA:41,14
DA:42,10
DA:43,3
DA:47,7
DA:48,2
DA:55,14
DA:56,6
DA:57,1
DA:61,5
DA:62,2
DA:69,14
LF:22
LH:22
BRDA:11,0,0,5
BRDA:11,0,1,11
BRDA:11,1,0,16
BRDA:11,1,1,12
BRDA:16,2,0,2
BRDA:16,2,1,9
BRDA:23,3,0,5
BRDA:23,3,1,11
BRDA:23,4,0,16
BRDA:23,4,1,12
BRDA:28,5,0,1
BRDA:28,5,1,10
BRDA:41,6,0,10
BRDA:41,6,1,4
BRDA:42,7,0,3
BRDA:42,7,1,7
BRDA:47,8,0,2
BRDA:47,8,1,5
BRDA:55,9,0,6
BRDA:55,9,1,8
BRDA:56,10,0,1
BRDA:56,10,1,5
BRDA:61,11,0,2
BRDA:61,11,1,3
BRF:24
BRH:24
end_of_record
TN:
SF:store\useClassStore.ts
FN:22,(anonymous_0)
FN:29,(anonymous_1)
FN:43,(anonymous_2)
FN:56,(anonymous_3)
FN:60,(anonymous_4)
FN:83,(anonymous_5)
FN:87,(anonymous_6)
FN:88,(anonymous_7)
FN:101,(anonymous_8)
FN:104,(anonymous_9)
FN:106,(anonymous_10)
FN:107,(anonymous_11)
FN:132,(anonymous_12)
FN:136,(anonymous_13)
FNF:14
FNH:14
FNDA:4,(anonymous_0)
FNDA:16,(anonymous_1)
FNDA:2,(anonymous_2)
FNDA:15,(anonymous_3)
FNDA:11,(anonymous_4)
FNDA:4,(anonymous_5)
FNDA:2,(anonymous_6)
FNDA:4,(anonymous_7)
FNDA:7,(anonymous_8)
FNDA:7,(anonymous_9)
FNDA:5,(anonymous_10)
FNDA:7,(anonymous_11)
FNDA:13,(anonymous_12)
FNDA:2,(anonymous_13)
DA:22,4
DA:30,16
DA:31,16
DA:32,16
DA:33,16
DA:34,11
DA:36,5
DA:44,2
DA:45,2
DA:46,2
DA:47,1
DA:49,1
DA:57,15
DA:58,15
DA:59,15
DA:60,11
DA:65,11
DA:66,11
DA:67,9
DA:72,2
DA:75,4
DA:79,4
DA:84,4
DA:85,4
DA:86,4
DA:87,2
DA:88,4
DA:93,2
DA:97,2
DA:102,7
DA:103,7
DA:104,7
DA:105,7
DA:106,5
DA:107,7
DA:112,5
DA:113,5
DA:114,5
DA:115,4
DA:120,1
DA:124,2
DA:128,2
DA:133,13
DA:137,2
LF:44
LH:44
BRDA:32,0,0,16
BRDA:32,0,1,12
BRDA:33,1,0,6
BRDA:33,1,1,10
BRDA:37,2,0,4
BRDA:37,2,1,1
BRDA:50,3,0,1
BRDA:50,3,1,0
BRDA:76,4,0,4
BRDA:76,4,1,0
BRDA:88,5,0,2
BRDA:88,5,1,2
BRDA:89,6,0,1
BRDA:89,6,1,1
BRDA:94,7,0,2
BRDA:94,7,1,0
BRDA:108,8,0,1
BRDA:108,8,1,4
BRDA:112,9,0,5
BRDA:112,9,1,0
BRDA:125,10,0,2
BRDA:125,10,1,0
BRF:22
BRH:17
end_of_record
TN:
SF:store\useSchoolStore.ts
FN:21,(anonymous_0)
FN:28,(anonymous_1)
FN:42,(anonymous_2)
FN:55,(anonymous_3)
FN:59,(anonymous_4)
FN:72,(anonymous_5)
FN:76,(anonymous_6)
FN:77,(anonymous_7)
FN:90,(anonymous_8)
FN:94,(anonymous_9)
FN:95,(anonymous_10)
FN:108,(anonymous_11)
FN:112,(anonymous_12)
FNF:13
FNH:13
FNDA:6,(anonymous_0)
FNDA:15,(anonymous_1)
FNDA:4,(anonymous_2)
FNDA:10,(anonymous_3)
FNDA:6,(anonymous_4)
FNDA:13,(anonymous_5)
FNDA:9,(anonymous_6)
FNDA:14,(anonymous_7)
FNDA:15,(anonymous_8)
FNDA:11,(anonymous_9)
FNDA:23,(anonymous_10)
FNDA:13,(anonymous_11)
FNDA:2,(anonymous_12)
DA:21,6
DA:29,15
DA:30,15
DA:31,15
DA:32,15
DA:33,10
DA:35,5
DA:43,4
DA:44,4
DA:45,4
DA:46,2
DA:48,2
DA:56,10
DA:57,10
DA:58,10
DA:59,6
DA:64,4
DA:68,4
DA:73,13
DA:74,13
DA:75,13
DA:76,9
DA:77,14
DA:82,4
DA:86,4
DA:91,15
DA:92,15
DA:93,15
DA:94,11
DA:95,23
DA:100,4
DA:104,4
DA:109,13
DA:113,2
LF:34
LH:34
BRDA:32,0,0,4
BRDA:32,0,1,11
BRDA:36,1,0,5
BRDA:36,1,1,0
BRDA:49,2,0,2
BRDA:49,2,1,0
BRDA:65,3,0,4
BRDA:65,3,1,0
BRDA:77,4,0,9
BRDA:77,4,1,5
BRDA:78,5,0,2
BRDA:78,5,1,7
BRDA:83,6,0,4
BRDA:83,6,1,0
BRDA:96,7,0,2
BRDA:96,7,1,9
BRDA:101,8,0,4
BRDA:101,8,1,0
BRF:18
BRH:13
end_of_record
